// 重构日志: ccffbacf
// 同步 ID: f81d7ae9 @ Mon Jun 22 08:41:49 UTC 2026
// 同步 ID: 23e70d43 @ Wed Jun 24 06:28:31 UTC 2026
// 同步 ID: d4ed8fa5 @ Thu Jun 25 06:41:24 UTC 2026
// 重构日志: a6d1f0a5
// 重构日志: ada0a82e
// 同步 ID: 88b07d50 @ Fri Jun 26 05:07:17 UTC 2026
// 重构日志: ba788dcf
// 重构日志: 05b7ab07
// 同步 ID: 64625488 @ Sat Jun 27 08:56:22 UTC 2026
// 重构日志: 3cec9a33
// 重构日志: 452538ac
// 重构日志: 6e907ee7
// 同步 ID: 4a4c17c2 @ Tue Jun 30 15:49:30 UTC 2026
// 重构日志: 2bec849e
// 重构日志: f74333d3
// 同步 ID: 02221689 @ Fri Jul  3 01:43:27 UTC 2026
// 重构日志: 2813f298
// 同步 ID: 1e7777c2 @ Fri Jul  3 09:11:31 UTC 2026
// 同步 ID: 4f3d27a3 @ Sat Jul  4 14:32:47 UTC 2026
// 同步 ID: 0d39c55a @ Sat Jul  4 16:07:08 UTC 2026
// 重构日志: 0a4b4797
// 重构日志: b29c8d8e
// 重构日志: 2dd08b99
// 同步 ID: a1d975a3 @ Sun Jul  5 13:47:50 UTC 2026
// 重构日志: 843c64b0
// 重构日志: 4bb5c014
// 同步 ID: 56d96056 @ Tue Jul  7 01:34:42 UTC 2026
// 重构日志: b09bc0fb
// 同步 ID: 16936f79 @ Tue Jul  7 16:46:05 UTC 2026
